Analysis & Synthesis report for control
Sun Nov 03 23:25:40 2013
Quartus II 32-bit Version 13.0.0 Build 156 04/24/2013 SJ Full Version


---------------------
; Table of Contents ;
---------------------
  1. Legal Notice
  2. Analysis & Synthesis Summary
  3. Analysis & Synthesis Settings
  4. Parallel Compilation
  5. Analysis & Synthesis Source Files Read
  6. Analysis & Synthesis Resource Usage Summary
  7. Analysis & Synthesis Resource Utilization by Entity
  8. User-Specified and Inferred Latches
  9. Registers Removed During Synthesis
 10. General Register Statistics
 11. Multiplexer Restructuring Statistics (Restructuring Performed)
 12. Port Connectivity Checks: "altera_UP_sram:MEM"
 13. Elapsed Time Per Partition
 14. Analysis & Synthesis Messages



----------------
; Legal Notice ;
----------------
Copyright (C) 1991-2013 Altera Corporation
Your use of Altera Corporation's design tools, logic functions 
and other software and tools, and its AMPP partner logic 
functions, and any output files from any of the foregoing 
(including device programming or simulation files), and any 
associated documentation or information are expressly subject 
to the terms and conditions of the Altera Program License 
Subscription Agreement, Altera MegaCore Function License 
Agreement, or other applicable license agreement, including, 
without limitation, that your use is for the sole purpose of 
programming logic devices manufactured by Altera and sold by 
Altera or its authorized distributors.  Please refer to the 
applicable agreement for further details.



+----------------------------------------------------------------------------------+
; Analysis & Synthesis Summary                                                     ;
+------------------------------------+---------------------------------------------+
; Analysis & Synthesis Status        ; Successful - Sun Nov 03 23:25:40 2013       ;
; Quartus II 32-bit Version          ; 13.0.0 Build 156 04/24/2013 SJ Full Version ;
; Revision Name                      ; control                                     ;
; Top-level Entity Name              ; control                                     ;
; Family                             ; Cyclone IV E                                ;
; Total logic elements               ; 212                                         ;
;     Total combinational functions  ; 203                                         ;
;     Dedicated logic registers      ; 26                                          ;
; Total registers                    ; 26                                          ;
; Total pins                         ; 147                                         ;
; Total virtual pins                 ; 0                                           ;
; Total memory bits                  ; 0                                           ;
; Embedded Multiplier 9-bit elements ; 0                                           ;
; Total PLLs                         ; 0                                           ;
+------------------------------------+---------------------------------------------+


+----------------------------------------------------------------------------------------------------------------------+
; Analysis & Synthesis Settings                                                                                        ;
+----------------------------------------------------------------------------+--------------------+--------------------+
; Option                                                                     ; Setting            ; Default Value      ;
+----------------------------------------------------------------------------+--------------------+--------------------+
; Device                                                                     ; EP4CE115F29C7      ;                    ;
; Top-level entity name                                                      ; control            ; control            ;
; Family name                                                                ; Cyclone IV E       ; Cyclone IV GX      ;
; Use smart compilation                                                      ; Off                ; Off                ;
; Enable parallel Assembler and TimeQuest Timing Analyzer during compilation ; On                 ; On                 ;
; Enable compact report table                                                ; Off                ; Off                ;
; Restructure Multiplexers                                                   ; Auto               ; Auto               ;
; Create Debugging Nodes for IP Cores                                        ; Off                ; Off                ;
; Preserve fewer node names                                                  ; On                 ; On                 ;
; Disable OpenCore Plus hardware evaluation                                  ; Off                ; Off                ;
; Verilog Version                                                            ; Verilog_2001       ; Verilog_2001       ;
; VHDL Version                                                               ; VHDL_1993          ; VHDL_1993          ;
; State Machine Processing                                                   ; Auto               ; Auto               ;
; Safe State Machine                                                         ; Off                ; Off                ;
; Extract Verilog State Machines                                             ; On                 ; On                 ;
; Extract VHDL State Machines                                                ; On                 ; On                 ;
; Ignore Verilog initial constructs                                          ; Off                ; Off                ;
; Iteration limit for constant Verilog loops                                 ; 5000               ; 5000               ;
; Iteration limit for non-constant Verilog loops                             ; 250                ; 250                ;
; Add Pass-Through Logic to Inferred RAMs                                    ; On                 ; On                 ;
; Infer RAMs from Raw Logic                                                  ; On                 ; On                 ;
; Parallel Synthesis                                                         ; On                 ; On                 ;
; DSP Block Balancing                                                        ; Auto               ; Auto               ;
; NOT Gate Push-Back                                                         ; On                 ; On                 ;
; Power-Up Don't Care                                                        ; On                 ; On                 ;
; Remove Redundant Logic Cells                                               ; Off                ; Off                ;
; Remove Duplicate Registers                                                 ; On                 ; On                 ;
; Ignore CARRY Buffers                                                       ; Off                ; Off                ;
; Ignore CASCADE Buffers                                                     ; Off                ; Off                ;
; Ignore GLOBAL Buffers                                                      ; Off                ; Off                ;
; Ignore ROW GLOBAL Buffers                                                  ; Off                ; Off                ;
; Ignore LCELL Buffers                                                       ; Off                ; Off                ;
; Ignore SOFT Buffers                                                        ; On                 ; On                 ;
; Limit AHDL Integers to 32 Bits                                             ; Off                ; Off                ;
; Optimization Technique                                                     ; Balanced           ; Balanced           ;
; Carry Chain Length                                                         ; 70                 ; 70                 ;
; Auto Carry Chains                                                          ; On                 ; On                 ;
; Auto Open-Drain Pins                                                       ; On                 ; On                 ;
; Perform WYSIWYG Primitive Resynthesis                                      ; Off                ; Off                ;
; Auto ROM Replacement                                                       ; On                 ; On                 ;
; Auto RAM Replacement                                                       ; On                 ; On                 ;
; Auto DSP Block Replacement                                                 ; On                 ; On                 ;
; Auto Shift Register Replacement                                            ; Auto               ; Auto               ;
; Allow Shift Register Merging across Hierarchies                            ; Auto               ; Auto               ;
; Auto Clock Enable Replacement                                              ; On                 ; On                 ;
; Strict RAM Replacement                                                     ; Off                ; Off                ;
; Allow Synchronous Control Signals                                          ; On                 ; On                 ;
; Force Use of Synchronous Clear Signals                                     ; Off                ; Off                ;
; Auto RAM Block Balancing                                                   ; On                 ; On                 ;
; Auto RAM to Logic Cell Conversion                                          ; Off                ; Off                ;
; Auto Resource Sharing                                                      ; Off                ; Off                ;
; Allow Any RAM Size For Recognition                                         ; Off                ; Off                ;
; Allow Any ROM Size For Recognition                                         ; Off                ; Off                ;
; Allow Any Shift Register Size For Recognition                              ; Off                ; Off                ;
; Use LogicLock Constraints during Resource Balancing                        ; On                 ; On                 ;
; Ignore translate_off and synthesis_off directives                          ; Off                ; Off                ;
; Timing-Driven Synthesis                                                    ; On                 ; On                 ;
; Report Parameter Settings                                                  ; On                 ; On                 ;
; Report Source Assignments                                                  ; On                 ; On                 ;
; Report Connectivity Checks                                                 ; On                 ; On                 ;
; Ignore Maximum Fan-Out Assignments                                         ; Off                ; Off                ;
; Synchronization Register Chain Length                                      ; 2                  ; 2                  ;
; PowerPlay Power Optimization                                               ; Normal compilation ; Normal compilation ;
; HDL message level                                                          ; Level2             ; Level2             ;
; Suppress Register Optimization Related Messages                            ; Off                ; Off                ;
; Number of Removed Registers Reported in Synthesis Report                   ; 5000               ; 5000               ;
; Number of Swept Nodes Reported in Synthesis Report                         ; 5000               ; 5000               ;
; Number of Inverted Registers Reported in Synthesis Report                  ; 100                ; 100                ;
; Clock MUX Protection                                                       ; On                 ; On                 ;
; Auto Gated Clock Conversion                                                ; Off                ; Off                ;
; Block Design Naming                                                        ; Auto               ; Auto               ;
; SDC constraint protection                                                  ; Off                ; Off                ;
; Synthesis Effort                                                           ; Auto               ; Auto               ;
; Shift Register Replacement - Allow Asynchronous Clear Signal               ; On                 ; On                 ;
; Pre-Mapping Resynthesis Optimization                                       ; Off                ; Off                ;
; Analysis & Synthesis Message Level                                         ; Medium             ; Medium             ;
; Disable Register Merging Across Hierarchies                                ; Auto               ; Auto               ;
; Resource Aware Inference For Block RAM                                     ; On                 ; On                 ;
; Synthesis Seed                                                             ; 1                  ; 1                  ;
+----------------------------------------------------------------------------+--------------------+--------------------+


Parallel compilation was disabled, but you have multiple processors available. Enable parallel compilation to reduce compilation time.
+-------------------------------------+
; Parallel Compilation                ;
+----------------------------+--------+
; Processors                 ; Number ;
+----------------------------+--------+
; Number detected on machine ; 8      ;
; Maximum allowed            ; 1      ;
+----------------------------+--------+


+--------------------------------------------------------------------------------------------------------------------------------+
; Analysis & Synthesis Source Files Read                                                                                         ;
+----------------------------------+-----------------+-----------------+-----------------------------------------------+---------+
; File Name with User-Entered Path ; Used in Netlist ; File Type       ; File Name with Absolute Path                  ; Library ;
+----------------------------------+-----------------+-----------------+-----------------------------------------------+---------+
; altera_UP_sram.vhd               ; yes             ; User VHDL File  ; C:/Users/Elie/Desktop/lab5/altera_UP_sram.vhd ;         ;
; control.vhd                      ; yes             ; User VHDL File  ; C:/Users/Elie/Desktop/lab5/control.vhd        ;         ;
+----------------------------------+-----------------+-----------------+-----------------------------------------------+---------+


+------------------------------------------------------------------+
; Analysis & Synthesis Resource Usage Summary                      ;
+---------------------------------------------+--------------------+
; Resource                                    ; Usage              ;
+---------------------------------------------+--------------------+
; Estimated Total logic elements              ; 212                ;
;                                             ;                    ;
; Total combinational functions               ; 203                ;
; Logic element usage by number of LUT inputs ;                    ;
;     -- 4 input functions                    ; 56                 ;
;     -- 3 input functions                    ; 123                ;
;     -- <=2 input functions                  ; 24                 ;
;                                             ;                    ;
; Logic elements by mode                      ;                    ;
;     -- normal mode                          ; 195                ;
;     -- arithmetic mode                      ; 8                  ;
;                                             ;                    ;
; Total registers                             ; 26                 ;
;     -- Dedicated logic registers            ; 26                 ;
;     -- I/O registers                        ; 0                  ;
;                                             ;                    ;
; I/O pins                                    ; 147                ;
; Embedded Multiplier 9-bit elements          ; 0                  ;
; Maximum fan-out node                        ; next_state.EXECUTE ;
; Maximum fan-out                             ; 39                 ;
; Total fan-out                               ; 887                ;
; Average fan-out                             ; 1.65               ;
+---------------------------------------------+--------------------+


+-------------------------------------------------------------------------------------------------------------------------------------------------------------------------------------+
; Analysis & Synthesis Resource Utilization by Entity                                                                                                                                 ;
+----------------------------+-------------------+--------------+-------------+--------------+---------+-----------+------+--------------+-----------------------------+--------------+
; Compilation Hierarchy Node ; LC Combinationals ; LC Registers ; Memory Bits ; DSP Elements ; DSP 9x9 ; DSP 18x18 ; Pins ; Virtual Pins ; Full Hierarchy Name         ; Library Name ;
+----------------------------+-------------------+--------------+-------------+--------------+---------+-----------+------+--------------+-----------------------------+--------------+
; |control                   ; 203 (134)         ; 26 (0)       ; 0           ; 0            ; 0       ; 0         ; 147  ; 0            ; |control                    ;              ;
;    |ALU:Arith|             ; 65 (65)           ; 0 (0)        ; 0           ; 0            ; 0       ; 0         ; 0    ; 0            ; |control|ALU:Arith          ;              ;
;    |altera_UP_sram:MEM|    ; 4 (4)             ; 26 (26)      ; 0           ; 0            ; 0       ; 0         ; 0    ; 0            ; |control|altera_UP_sram:MEM ;              ;
+----------------------------+-------------------+--------------+-------------+--------------+---------+-----------+------+--------------+-----------------------------+--------------+
Note: For table entries with two numbers listed, the numbers in parentheses indicate the number of resources of the given type used by the specific entity alone. The numbers listed outside of parentheses indicate the total resources of the given type used by the specific entity and all of its sub-entities in the hierarchy.


+--------------------------------------------------------------------------------------------------------+
; User-Specified and Inferred Latches                                                                    ;
+-----------------------------------------------------+-------------------------+------------------------+
; Latch Name                                          ; Latch Enable Signal     ; Free of Timing Hazards ;
+-----------------------------------------------------+-------------------------+------------------------+
; control_address[0]                                  ; control_address         ; yes                    ;
; control_address[1]                                  ; control_address         ; yes                    ;
; control_address[2]                                  ; control_address         ; yes                    ;
; control_address[3]                                  ; control_address         ; yes                    ;
; control_address[4]                                  ; control_address         ; yes                    ;
; control_read                                        ; next_state.FETCH        ; yes                    ;
; control_write                                       ; control_write           ; yes                    ;
; DADDR[0]                                            ; next_state.EXECUTE      ; yes                    ;
; SADDR[1][0]                                         ; next_state.EXECUTE      ; yes                    ;
; SADDR[0][0]                                         ; next_state.EXECUTE      ; yes                    ;
; OPCODE[0]                                           ; next_state.EXECUTE      ; yes                    ;
; OPCODE[1]                                           ; next_state.EXECUTE      ; yes                    ;
; OPCODE[2]                                           ; next_state.EXECUTE      ; yes                    ;
; next_state.FETCH                                    ; KEY[0]                  ; yes                    ;
; next_state.DECODE                                   ; KEY[0]                  ; yes                    ;
; next_state.MEMORY_WRITE                             ; KEY[0]                  ; yes                    ;
; DADDR[1]                                            ; next_state.EXECUTE      ; yes                    ;
; SADDR[1][1]                                         ; next_state.EXECUTE      ; yes                    ;
; SADDR[0][1]                                         ; next_state.EXECUTE      ; yes                    ;
; DADDR[2]                                            ; next_state.EXECUTE      ; yes                    ;
; SADDR[1][2]                                         ; next_state.EXECUTE      ; yes                    ;
; SADDR[0][2]                                         ; next_state.EXECUTE      ; yes                    ;
; DADDR[3]                                            ; next_state.EXECUTE      ; yes                    ;
; SADDR[1][3]                                         ; next_state.EXECUTE      ; yes                    ;
; SADDR[0][3]                                         ; next_state.EXECUTE      ; yes                    ;
; DADDR[4]                                            ; next_state.EXECUTE      ; yes                    ;
; SADDR[1][4]                                         ; next_state.EXECUTE      ; yes                    ;
; SADDR[0][4]                                         ; next_state.EXECUTE      ; yes                    ;
; next_state.EXECUTE                                  ; KEY[0]                  ; yes                    ;
; IR[10]                                              ; next_state.DECODE       ; yes                    ;
; IR[0]                                               ; next_state.DECODE       ; yes                    ;
; IR[5]                                               ; next_state.DECODE       ; yes                    ;
; IR[15]                                              ; next_state.DECODE       ; yes                    ;
; IR[16]                                              ; next_state.DECODE       ; yes                    ;
; IR[17]                                              ; next_state.DECODE       ; yes                    ;
; IR[11]                                              ; next_state.DECODE       ; yes                    ;
; IR[1]                                               ; next_state.DECODE       ; yes                    ;
; IR[6]                                               ; next_state.DECODE       ; yes                    ;
; IR[12]                                              ; next_state.DECODE       ; yes                    ;
; IR[2]                                               ; next_state.DECODE       ; yes                    ;
; IR[7]                                               ; next_state.DECODE       ; yes                    ;
; IR[13]                                              ; next_state.DECODE       ; yes                    ;
; IR[3]                                               ; next_state.DECODE       ; yes                    ;
; IR[8]                                               ; next_state.DECODE       ; yes                    ;
; IR[14]                                              ; next_state.DECODE       ; yes                    ;
; IR[4]                                               ; next_state.DECODE       ; yes                    ;
; IR[9]                                               ; next_state.DECODE       ; yes                    ;
; control_data[0]                                     ; next_state.FETCH        ; yes                    ;
; control_data[1]                                     ; next_state.FETCH        ; yes                    ;
; control_data[2]                                     ; next_state.FETCH        ; yes                    ;
; control_data[3]                                     ; next_state.FETCH        ; yes                    ;
; control_data[4]                                     ; next_state.FETCH        ; yes                    ;
; control_data[5]                                     ; next_state.FETCH        ; yes                    ;
; control_data[6]                                     ; next_state.FETCH        ; yes                    ;
; control_data[7]                                     ; next_state.FETCH        ; yes                    ;
; ALU_result[0]                                       ; ALU_result              ; yes                    ;
; ALU_result[1]                                       ; ALU_result              ; yes                    ;
; ALU_result[2]                                       ; ALU_result              ; yes                    ;
; ALU_result[3]                                       ; ALU_result              ; yes                    ;
; ALU_result[4]                                       ; ALU_result              ; yes                    ;
; ALU_result[5]                                       ; ALU_result              ; yes                    ;
; ALU_result[6]                                       ; ALU_result              ; yes                    ;
; ALU_result[7]                                       ; ALU_result              ; yes                    ;
; ALUvalA[0]                                          ; next_state.MEMORY_WRITE ; yes                    ;
; ALUvalB[0]                                          ; next_state.MEMORY_WRITE ; yes                    ;
; ALUvalB[7]                                          ; next_state.MEMORY_WRITE ; yes                    ;
; ALUvalB[6]                                          ; next_state.MEMORY_WRITE ; yes                    ;
; ALUvalB[5]                                          ; next_state.MEMORY_WRITE ; yes                    ;
; ALUvalB[4]                                          ; next_state.MEMORY_WRITE ; yes                    ;
; ALUvalB[3]                                          ; next_state.MEMORY_WRITE ; yes                    ;
; ALUvalA[2]                                          ; next_state.MEMORY_WRITE ; yes                    ;
; ALUvalA[3]                                          ; next_state.MEMORY_WRITE ; yes                    ;
; ALUvalB[2]                                          ; next_state.MEMORY_WRITE ; yes                    ;
; ALUvalB[1]                                          ; next_state.MEMORY_WRITE ; yes                    ;
; ALUvalA[1]                                          ; next_state.MEMORY_WRITE ; yes                    ;
; ALUvalA[4]                                          ; next_state.MEMORY_WRITE ; yes                    ;
; ALUvalA[5]                                          ; next_state.MEMORY_WRITE ; yes                    ;
; ALUvalA[6]                                          ; next_state.MEMORY_WRITE ; yes                    ;
; ALUvalA[7]                                          ; next_state.MEMORY_WRITE ; yes                    ;
; SourceVal[0][0]                                     ; next_state.EXECUTE      ; yes                    ;
; SourceVal[1][0]                                     ; next_state.EXECUTE      ; yes                    ;
; SourceVal[1][7]                                     ; next_state.EXECUTE      ; yes                    ;
; SourceVal[1][6]                                     ; next_state.EXECUTE      ; yes                    ;
; SourceVal[1][5]                                     ; next_state.EXECUTE      ; yes                    ;
; SourceVal[1][4]                                     ; next_state.EXECUTE      ; yes                    ;
; SourceVal[1][3]                                     ; next_state.EXECUTE      ; yes                    ;
; SourceVal[0][2]                                     ; next_state.EXECUTE      ; yes                    ;
; SourceVal[0][3]                                     ; next_state.EXECUTE      ; yes                    ;
; SourceVal[1][2]                                     ; next_state.EXECUTE      ; yes                    ;
; SourceVal[1][1]                                     ; next_state.EXECUTE      ; yes                    ;
; SourceVal[0][1]                                     ; next_state.EXECUTE      ; yes                    ;
; SourceVal[0][4]                                     ; next_state.EXECUTE      ; yes                    ;
; SourceVal[0][5]                                     ; next_state.EXECUTE      ; yes                    ;
; SourceVal[0][6]                                     ; next_state.EXECUTE      ; yes                    ;
; SourceVal[0][7]                                     ; next_state.EXECUTE      ; yes                    ;
; Number of user-specified and inferred latches = 95  ;                         ;                        ;
+-----------------------------------------------------+-------------------------+------------------------+
Note: All latches listed above may not be present at the end of synthesis due to various synthesis optimizations.


+----------------------------------------------------------------------------------+
; Registers Removed During Synthesis                                               ;
+-----------------------------------------+----------------------------------------+
; Register name                           ; Reason for Removal                     ;
+-----------------------------------------+----------------------------------------+
; altera_UP_sram:MEM|writedata_reg[8..15] ; Stuck at GND due to stuck port data_in ;
; altera_UP_sram:MEM|SRAM_UB_N            ; Stuck at VCC due to stuck port data_in ;
; altera_UP_sram:MEM|SRAM_ADDR[5..19]     ; Stuck at GND due to stuck port data_in ;
; Total Number of Removed Registers = 24  ;                                        ;
+-----------------------------------------+----------------------------------------+


+------------------------------------------------------+
; General Register Statistics                          ;
+----------------------------------------------+-------+
; Statistic                                    ; Value ;
+----------------------------------------------+-------+
; Total registers                              ; 26    ;
; Number of registers using Synchronous Clear  ; 0     ;
; Number of registers using Synchronous Load   ; 0     ;
; Number of registers using Asynchronous Clear ; 0     ;
; Number of registers using Asynchronous Load  ; 0     ;
; Number of registers using Clock Enable       ; 0     ;
; Number of registers using Preset             ; 0     ;
+----------------------------------------------+-------+


+------------------------------------------------------------------------------------------------------------------------------------------+
; Multiplexer Restructuring Statistics (Restructuring Performed)                                                                           ;
+--------------------+-----------+---------------+----------------------+------------------------+------------+----------------------------+
; Multiplexer Inputs ; Bus Width ; Baseline Area ; Area if Restructured ; Saving if Restructured ; Registered ; Example Multiplexer Output ;
+--------------------+-----------+---------------+----------------------+------------------------+------------+----------------------------+
; 3:1                ; 5 bits    ; 10 LEs        ; 10 LEs               ; 0 LEs                  ; No         ; |control|Selector0         ;
; 10:1               ; 3 bits    ; 18 LEs        ; 15 LEs               ; 3 LEs                  ; No         ; |control|ALU:Arith|Mux3    ;
; 12:1               ; 2 bits    ; 16 LEs        ; 14 LEs               ; 2 LEs                  ; No         ; |control|ALU:Arith|Mux7    ;
+--------------------+-----------+---------------+----------------------+------------------------+------------+----------------------------+


+----------------------------------------------------------------------------------------------------------------------------+
; Port Connectivity Checks: "altera_UP_sram:MEM"                                                                             ;
+------------------+--------+----------+-------------------------------------------------------------------------------------+
; Port             ; Type   ; Severity ; Details                                                                             ;
+------------------+--------+----------+-------------------------------------------------------------------------------------+
; address[19..5]   ; Input  ; Info     ; Stuck at GND                                                                        ;
; byteenable[1]    ; Input  ; Info     ; Stuck at GND                                                                        ;
; byteenable[0]    ; Input  ; Info     ; Stuck at VCC                                                                        ;
; writedata[15..8] ; Input  ; Info     ; Stuck at GND                                                                        ;
; readdata[15..8]  ; Output ; Info     ; Connected to dangling logic. Logic that only feeds a dangling port will be removed. ;
; readdatavalid    ; Output ; Info     ; Connected to dangling logic. Logic that only feeds a dangling port will be removed. ;
+------------------+--------+----------+-------------------------------------------------------------------------------------+


+-------------------------------+
; Elapsed Time Per Partition    ;
+----------------+--------------+
; Partition Name ; Elapsed Time ;
+----------------+--------------+
; Top            ; 00:00:01     ;
+----------------+--------------+


+-------------------------------+
; Analysis & Synthesis Messages ;
+-------------------------------+
Info: *******************************************************************
Info: Running Quartus II 32-bit Analysis & Synthesis
    Info: Version 13.0.0 Build 156 04/24/2013 SJ Full Version
    Info: Processing started: Sun Nov 03 23:25:36 2013
Info: Command: quartus_map --read_settings_files=on --write_settings_files=off control -c control
Warning (20028): Parallel compilation is not licensed and has been disabled
Info (12021): Found 2 design units, including 1 entities, in source file altera_up_sram.vhd
    Info (12022): Found design unit 1: altera_UP_sram-Behaviour
    Info (12023): Found entity 1: altera_UP_sram
Info (12021): Found 8 design units, including 4 entities, in source file control.vhd
    Info (12022): Found design unit 1: control-rtl
    Info (12022): Found design unit 2: ALU-Structure
    Info (12022): Found design unit 3: PC-Structure
    Info (12022): Found design unit 4: hexdisplay-Structure
    Info (12023): Found entity 1: control
    Info (12023): Found entity 2: ALU
    Info (12023): Found entity 3: PC
    Info (12023): Found entity 4: hexdisplay
Info (12127): Elaborating entity "control" for the top level hierarchy
Warning (10541): VHDL Signal Declaration warning at control.vhd(9): used implicit default value for signal "LEDR" because signal was never assigned a value or an explicit default value. Use of implicit default value may introduce unintended design optimizations.
Warning (10541): VHDL Signal Declaration warning at control.vhd(10): used implicit default value for signal "LEDG" because signal was never assigned a value or an explicit default value. Use of implicit default value may introduce unintended design optimizations.
Warning (10540): VHDL Signal Declaration warning at control.vhd(83): used explicit default value for signal "byteenable" because signal was never assigned a value
Warning (10036): Verilog HDL or VHDL warning at control.vhd(86): object "readdatavalid" assigned a value but never read
Warning (10541): VHDL Signal Declaration warning at control.vhd(94): used implicit default value for signal "displayb0" because signal was never assigned a value or an explicit default value. Use of implicit default value may introduce unintended design optimizations.
Warning (10541): VHDL Signal Declaration warning at control.vhd(94): used implicit default value for signal "displayb1" because signal was never assigned a value or an explicit default value. Use of implicit default value may introduce unintended design optimizations.
Warning (10541): VHDL Signal Declaration warning at control.vhd(94): used implicit default value for signal "displayb2" because signal was never assigned a value or an explicit default value. Use of implicit default value may introduce unintended design optimizations.
Warning (10541): VHDL Signal Declaration warning at control.vhd(94): used implicit default value for signal "displayb3" because signal was never assigned a value or an explicit default value. Use of implicit default value may introduce unintended design optimizations.
Warning (10541): VHDL Signal Declaration warning at control.vhd(94): used implicit default value for signal "displayb4" because signal was never assigned a value or an explicit default value. Use of implicit default value may introduce unintended design optimizations.
Warning (10541): VHDL Signal Declaration warning at control.vhd(94): used implicit default value for signal "displayb5" because signal was never assigned a value or an explicit default value. Use of implicit default value may introduce unintended design optimizations.
Warning (10541): VHDL Signal Declaration warning at control.vhd(94): used implicit default value for signal "displayb6" because signal was never assigned a value or an explicit default value. Use of implicit default value may introduce unintended design optimizations.
Warning (10541): VHDL Signal Declaration warning at control.vhd(94): used implicit default value for signal "displayb7" because signal was never assigned a value or an explicit default value. Use of implicit default value may introduce unintended design optimizations.
Warning (10492): VHDL Process Statement warning at control.vhd(107): signal "reset" is read inside the Process Statement but isn't in the Process Statement's sensitivity list
Warning (10492): VHDL Process Statement warning at control.vhd(113): signal "next_state" is read inside the Process Statement but isn't in the Process Statement's sensitivity list
Warning (10631): VHDL Process Statement warning at control.vhd(104): inferring latch(es) for signal or variable "present_state", which holds its previous value in one or more paths through the process
Warning (10492): VHDL Process Statement warning at control.vhd(124): signal "SW" is read inside the Process Statement but isn't in the Process Statement's sensitivity list
Warning (10492): VHDL Process Statement warning at control.vhd(137): signal "IR" is read inside the Process Statement but isn't in the Process Statement's sensitivity list
Warning (10492): VHDL Process Statement warning at control.vhd(138): signal "IR" is read inside the Process Statement but isn't in the Process Statement's sensitivity list
Warning (10492): VHDL Process Statement warning at control.vhd(139): signal "IR" is read inside the Process Statement but isn't in the Process Statement's sensitivity list
Warning (10492): VHDL Process Statement warning at control.vhd(140): signal "IR" is read inside the Process Statement but isn't in the Process Statement's sensitivity list
Warning (10492): VHDL Process Statement warning at control.vhd(147): signal "OPCODE" is read inside the Process Statement but isn't in the Process Statement's sensitivity list
Warning (10492): VHDL Process Statement warning at control.vhd(149): signal "SADDR" is read inside the Process Statement but isn't in the Process Statement's sensitivity list
Warning (10492): VHDL Process Statement warning at control.vhd(152): signal "readdata" is read inside the Process Statement but isn't in the Process Statement's sensitivity list
Warning (10492): VHDL Process Statement warning at control.vhd(153): signal "SADDR" is read inside the Process Statement but isn't in the Process Statement's sensitivity list
Warning (10492): VHDL Process Statement warning at control.vhd(158): signal "SADDR" is read inside the Process Statement but isn't in the Process Statement's sensitivity list
Warning (10492): VHDL Process Statement warning at control.vhd(159): signal "readdata" is read inside the Process Statement but isn't in the Process Statement's sensitivity list
Warning (10492): VHDL Process Statement warning at control.vhd(172): signal "SourceVal" is read inside the Process Statement but isn't in the Process Statement's sensitivity list
Warning (10492): VHDL Process Statement warning at control.vhd(173): signal "SourceVal" is read inside the Process Statement but isn't in the Process Statement's sensitivity list
Warning (10492): VHDL Process Statement warning at control.vhd(176): signal "ALU_out" is read inside the Process Statement but isn't in the Process Statement's sensitivity list
Warning (10492): VHDL Process Statement warning at control.vhd(187): signal "DADDR" is read inside the Process Statement but isn't in the Process Statement's sensitivity list
Warning (10492): VHDL Process Statement warning at control.vhd(189): signal "ALU_result" is read inside the Process Statement but isn't in the Process Statement's sensitivity list
Warning (10631): VHDL Process Statement warning at control.vhd(118): inferring latch(es) for signal or variable "IR", which holds its previous value in one or more paths through the process
Warning (10631): VHDL Process Statement warning at control.vhd(118): inferring latch(es) for signal or variable "control_read", which holds its previous value in one or more paths through the process
Warning (10631): VHDL Process Statement warning at control.vhd(118): inferring latch(es) for signal or variable "control_write", which holds its previous value in one or more paths through the process
Warning (10631): VHDL Process Statement warning at control.vhd(118): inferring latch(es) for signal or variable "ALU_result", which holds its previous value in one or more paths through the process
Warning (10631): VHDL Process Statement warning at control.vhd(118): inferring latch(es) for signal or variable "control_address", which holds its previous value in one or more paths through the process
Warning (10631): VHDL Process Statement warning at control.vhd(118): inferring latch(es) for signal or variable "OPCODE", which holds its previous value in one or more paths through the process
Warning (10631): VHDL Process Statement warning at control.vhd(118): inferring latch(es) for signal or variable "DADDR", which holds its previous value in one or more paths through the process
Warning (10631): VHDL Process Statement warning at control.vhd(118): inferring latch(es) for signal or variable "SADDR", which holds its previous value in one or more paths through the process
Warning (10631): VHDL Process Statement warning at control.vhd(118): inferring latch(es) for signal or variable "SourceVal", which holds its previous value in one or more paths through the process
Warning (10631): VHDL Process Statement warning at control.vhd(118): inferring latch(es) for signal or variable "ALUvalA", which holds its previous value in one or more paths through the process
Warning (10631): VHDL Process Statement warning at control.vhd(118): inferring latch(es) for signal or variable "ALUvalB", which holds its previous value in one or more paths through the process
Warning (10631): VHDL Process Statement warning at control.vhd(118): inferring latch(es) for signal or variable "control_data", which holds its previous value in one or more paths through the process
Info (10041): Inferred latch for "control_data[0]" at control.vhd(118)
Info (10041): Inferred latch for "control_data[1]" at control.vhd(118)
Info (10041): Inferred latch for "control_data[2]" at control.vhd(118)
Info (10041): Inferred latch for "control_data[3]" at control.vhd(118)
Info (10041): Inferred latch for "control_data[4]" at control.vhd(118)
Info (10041): Inferred latch for "control_data[5]" at control.vhd(118)
Info (10041): Inferred latch for "control_data[6]" at control.vhd(118)
Info (10041): Inferred latch for "control_data[7]" at control.vhd(118)
Info (10041): Inferred latch for "ALUvalB[0]" at control.vhd(118)
Info (10041): Inferred latch for "ALUvalB[1]" at control.vhd(118)
Info (10041): Inferred latch for "ALUvalB[2]" at control.vhd(118)
Info (10041): Inferred latch for "ALUvalB[3]" at control.vhd(118)
Info (10041): Inferred latch for "ALUvalB[4]" at control.vhd(118)
Info (10041): Inferred latch for "ALUvalB[5]" at control.vhd(118)
Info (10041): Inferred latch for "ALUvalB[6]" at control.vhd(118)
Info (10041): Inferred latch for "ALUvalB[7]" at control.vhd(118)
Info (10041): Inferred latch for "ALUvalA[0]" at control.vhd(118)
Info (10041): Inferred latch for "ALUvalA[1]" at control.vhd(118)
Info (10041): Inferred latch for "ALUvalA[2]" at control.vhd(118)
Info (10041): Inferred latch for "ALUvalA[3]" at control.vhd(118)
Info (10041): Inferred latch for "ALUvalA[4]" at control.vhd(118)
Info (10041): Inferred latch for "ALUvalA[5]" at control.vhd(118)
Info (10041): Inferred latch for "ALUvalA[6]" at control.vhd(118)
Info (10041): Inferred latch for "ALUvalA[7]" at control.vhd(118)
Info (10041): Inferred latch for "SourceVal[1][0]" at control.vhd(118)
Info (10041): Inferred latch for "SourceVal[1][1]" at control.vhd(118)
Info (10041): Inferred latch for "SourceVal[1][2]" at control.vhd(118)
Info (10041): Inferred latch for "SourceVal[1][3]" at control.vhd(118)
Info (10041): Inferred latch for "SourceVal[1][4]" at control.vhd(118)
Info (10041): Inferred latch for "SourceVal[1][5]" at control.vhd(118)
Info (10041): Inferred latch for "SourceVal[1][6]" at control.vhd(118)
Info (10041): Inferred latch for "SourceVal[1][7]" at control.vhd(118)
Info (10041): Inferred latch for "SourceVal[0][0]" at control.vhd(118)
Info (10041): Inferred latch for "SourceVal[0][1]" at control.vhd(118)
Info (10041): Inferred latch for "SourceVal[0][2]" at control.vhd(118)
Info (10041): Inferred latch for "SourceVal[0][3]" at control.vhd(118)
Info (10041): Inferred latch for "SourceVal[0][4]" at control.vhd(118)
Info (10041): Inferred latch for "SourceVal[0][5]" at control.vhd(118)
Info (10041): Inferred latch for "SourceVal[0][6]" at control.vhd(118)
Info (10041): Inferred latch for "SourceVal[0][7]" at control.vhd(118)
Info (10041): Inferred latch for "SADDR[1][0]" at control.vhd(118)
Info (10041): Inferred latch for "SADDR[1][1]" at control.vhd(118)
Info (10041): Inferred latch for "SADDR[1][2]" at control.vhd(118)
Info (10041): Inferred latch for "SADDR[1][3]" at control.vhd(118)
Info (10041): Inferred latch for "SADDR[1][4]" at control.vhd(118)
Info (10041): Inferred latch for "SADDR[0][0]" at control.vhd(118)
Info (10041): Inferred latch for "SADDR[0][1]" at control.vhd(118)
Info (10041): Inferred latch for "SADDR[0][2]" at control.vhd(118)
Info (10041): Inferred latch for "SADDR[0][3]" at control.vhd(118)
Info (10041): Inferred latch for "SADDR[0][4]" at control.vhd(118)
Info (10041): Inferred latch for "DADDR[0]" at control.vhd(118)
Info (10041): Inferred latch for "DADDR[1]" at control.vhd(118)
Info (10041): Inferred latch for "DADDR[2]" at control.vhd(118)
Info (10041): Inferred latch for "DADDR[3]" at control.vhd(118)
Info (10041): Inferred latch for "DADDR[4]" at control.vhd(118)
Info (10041): Inferred latch for "OPCODE[0]" at control.vhd(118)
Info (10041): Inferred latch for "OPCODE[1]" at control.vhd(118)
Info (10041): Inferred latch for "OPCODE[2]" at control.vhd(118)
Info (10041): Inferred latch for "control_address[0]" at control.vhd(118)
Info (10041): Inferred latch for "control_address[1]" at control.vhd(118)
Info (10041): Inferred latch for "control_address[2]" at control.vhd(118)
Info (10041): Inferred latch for "control_address[3]" at control.vhd(118)
Info (10041): Inferred latch for "control_address[4]" at control.vhd(118)
Info (10041): Inferred latch for "control_address[5]" at control.vhd(118)
Info (10041): Inferred latch for "control_address[6]" at control.vhd(118)
Info (10041): Inferred latch for "control_address[7]" at control.vhd(118)
Info (10041): Inferred latch for "control_address[8]" at control.vhd(118)
Info (10041): Inferred latch for "control_address[9]" at control.vhd(118)
Info (10041): Inferred latch for "control_address[10]" at control.vhd(118)
Info (10041): Inferred latch for "control_address[11]" at control.vhd(118)
Info (10041): Inferred latch for "control_address[12]" at control.vhd(118)
Info (10041): Inferred latch for "control_address[13]" at control.vhd(118)
Info (10041): Inferred latch for "control_address[14]" at control.vhd(118)
Info (10041): Inferred latch for "control_address[15]" at control.vhd(118)
Info (10041): Inferred latch for "control_address[16]" at control.vhd(118)
Info (10041): Inferred latch for "control_address[17]" at control.vhd(118)
Info (10041): Inferred latch for "control_address[18]" at control.vhd(118)
Info (10041): Inferred latch for "control_address[19]" at control.vhd(118)
Info (10041): Inferred latch for "ALU_result[0]" at control.vhd(118)
Info (10041): Inferred latch for "ALU_result[1]" at control.vhd(118)
Info (10041): Inferred latch for "ALU_result[2]" at control.vhd(118)
Info (10041): Inferred latch for "ALU_result[3]" at control.vhd(118)
Info (10041): Inferred latch for "ALU_result[4]" at control.vhd(118)
Info (10041): Inferred latch for "ALU_result[5]" at control.vhd(118)
Info (10041): Inferred latch for "ALU_result[6]" at control.vhd(118)
Info (10041): Inferred latch for "ALU_result[7]" at control.vhd(118)
Info (10041): Inferred latch for "control_write" at control.vhd(118)
Info (10041): Inferred latch for "control_read" at control.vhd(118)
Info (10041): Inferred latch for "IR[0]" at control.vhd(118)
Info (10041): Inferred latch for "IR[1]" at control.vhd(118)
Info (10041): Inferred latch for "IR[2]" at control.vhd(118)
Info (10041): Inferred latch for "IR[3]" at control.vhd(118)
Info (10041): Inferred latch for "IR[4]" at control.vhd(118)
Info (10041): Inferred latch for "IR[5]" at control.vhd(118)
Info (10041): Inferred latch for "IR[6]" at control.vhd(118)
Info (10041): Inferred latch for "IR[7]" at control.vhd(118)
Info (10041): Inferred latch for "IR[8]" at control.vhd(118)
Info (10041): Inferred latch for "IR[9]" at control.vhd(118)
Info (10041): Inferred latch for "IR[10]" at control.vhd(118)
Info (10041): Inferred latch for "IR[11]" at control.vhd(118)
Info (10041): Inferred latch for "IR[12]" at control.vhd(118)
Info (10041): Inferred latch for "IR[13]" at control.vhd(118)
Info (10041): Inferred latch for "IR[14]" at control.vhd(118)
Info (10041): Inferred latch for "IR[15]" at control.vhd(118)
Info (10041): Inferred latch for "IR[16]" at control.vhd(118)
Info (10041): Inferred latch for "IR[17]" at control.vhd(118)
Info (10041): Inferred latch for "present_state.MEMORY_WRITE" at control.vhd(104)
Info (10041): Inferred latch for "present_state.EXECUTE" at control.vhd(104)
Info (10041): Inferred latch for "present_state.DECODE" at control.vhd(104)
Info (10041): Inferred latch for "present_state.FETCH" at control.vhd(104)
Info (12128): Elaborating entity "hexdisplay" for hierarchy "hexdisplay:display0"
Info (12128): Elaborating entity "altera_UP_sram" for hierarchy "altera_UP_sram:MEM"
Info (12128): Elaborating entity "ALU" for hierarchy "ALU:Arith"
Warning (10492): VHDL Process Statement warning at control.vhd(244): signal "A" is read inside the Process Statement but isn't in the Process Statement's sensitivity list
Warning (10492): VHDL Process Statement warning at control.vhd(244): signal "B" is read inside the Process Statement but isn't in the Process Statement's sensitivity list
Warning (10492): VHDL Process Statement warning at control.vhd(245): signal "A" is read inside the Process Statement but isn't in the Process Statement's sensitivity list
Warning (10492): VHDL Process Statement warning at control.vhd(245): signal "B" is read inside the Process Statement but isn't in the Process Statement's sensitivity list
Warning (10492): VHDL Process Statement warning at control.vhd(246): signal "A" is read inside the Process Statement but isn't in the Process Statement's sensitivity list
Warning (10492): VHDL Process Statement warning at control.vhd(246): signal "B" is read inside the Process Statement but isn't in the Process Statement's sensitivity list
Warning (10492): VHDL Process Statement warning at control.vhd(247): signal "A" is read inside the Process Statement but isn't in the Process Statement's sensitivity list
Warning (10492): VHDL Process Statement warning at control.vhd(247): signal "B" is read inside the Process Statement but isn't in the Process Statement's sensitivity list
Warning (10492): VHDL Process Statement warning at control.vhd(248): signal "A" is read inside the Process Statement but isn't in the Process Statement's sensitivity list
Warning (10492): VHDL Process Statement warning at control.vhd(248): signal "B" is read inside the Process Statement but isn't in the Process Statement's sensitivity list
Warning (10492): VHDL Process Statement warning at control.vhd(249): signal "A" is read inside the Process Statement but isn't in the Process Statement's sensitivity list
Warning (10492): VHDL Process Statement warning at control.vhd(249): signal "B" is read inside the Process Statement but isn't in the Process Statement's sensitivity list
Warning (10492): VHDL Process Statement warning at control.vhd(250): signal "A" is read inside the Process Statement but isn't in the Process Statement's sensitivity list
Warning (10492): VHDL Process Statement warning at control.vhd(250): signal "B" is read inside the Process Statement but isn't in the Process Statement's sensitivity list
Warning (10492): VHDL Process Statement warning at control.vhd(251): signal "A" is read inside the Process Statement but isn't in the Process Statement's sensitivity list
Warning (10492): VHDL Process Statement warning at control.vhd(251): signal "B" is read inside the Process Statement but isn't in the Process Statement's sensitivity list
Warning (13044): Always-enabled tri-state buffer(s) removed
    Warning (13045): Converted the fanout from the always-enabled tri-state buffer "hexdisplay:display0|H[6]" to the node "HEX0[6]" into a wire
    Warning (13045): Converted the fanout from the always-enabled tri-state buffer "hexdisplay:display1|H[6]" to the node "HEX1[6]" into a wire
    Warning (13045): Converted the fanout from the always-enabled tri-state buffer "hexdisplay:display2|H[6]" to the node "HEX2[6]" into a wire
    Warning (13045): Converted the fanout from the always-enabled tri-state buffer "hexdisplay:display3|H[6]" to the node "HEX3[6]" into a wire
    Warning (13045): Converted the fanout from the always-enabled tri-state buffer "hexdisplay:display4|H[6]" to the node "HEX4[6]" into a wire
    Warning (13045): Converted the fanout from the always-enabled tri-state buffer "hexdisplay:display5|H[6]" to the node "HEX5[6]" into a wire
    Warning (13045): Converted the fanout from the always-enabled tri-state buffer "hexdisplay:display6|H[6]" to the node "HEX6[6]" into a wire
    Warning (13045): Converted the fanout from the always-enabled tri-state buffer "hexdisplay:display7|H[6]" to the node "HEX7[6]" into a wire
Warning (13030): Reduced the following open-drain buffers that are fed by GND
    Warning (13031): Reduced fanout from the always-enabled open-drain buffer "hexdisplay:display0|H[5]" to the output pin "HEX0[5]" to GND
    Warning (13031): Reduced fanout from the always-enabled open-drain buffer "hexdisplay:display0|H[4]" to the output pin "HEX0[4]" to GND
    Warning (13031): Reduced fanout from the always-enabled open-drain buffer "hexdisplay:display0|H[3]" to the output pin "HEX0[3]" to GND
    Warning (13031): Reduced fanout from the always-enabled open-drain buffer "hexdisplay:display0|H[2]" to the output pin "HEX0[2]" to GND
    Warning (13031): Reduced fanout from the always-enabled open-drain buffer "hexdisplay:display0|H[1]" to the output pin "HEX0[1]" to GND
    Warning (13031): Reduced fanout from the always-enabled open-drain buffer "hexdisplay:display0|H[0]" to the output pin "HEX0[0]" to GND
    Warning (13031): Reduced fanout from the always-enabled open-drain buffer "hexdisplay:display1|H[5]" to the output pin "HEX1[5]" to GND
    Warning (13031): Reduced fanout from the always-enabled open-drain buffer "hexdisplay:display1|H[4]" to the output pin "HEX1[4]" to GND
    Warning (13031): Reduced fanout from the always-enabled open-drain buffer "hexdisplay:display1|H[3]" to the output pin "HEX1[3]" to GND
    Warning (13031): Reduced fanout from the always-enabled open-drain buffer "hexdisplay:display1|H[2]" to the output pin "HEX1[2]" to GND
    Warning (13031): Reduced fanout from the always-enabled open-drain buffer "hexdisplay:display1|H[1]" to the output pin "HEX1[1]" to GND
    Warning (13031): Reduced fanout from the always-enabled open-drain buffer "hexdisplay:display1|H[0]" to the output pin "HEX1[0]" to GND
    Warning (13031): Reduced fanout from the always-enabled open-drain buffer "hexdisplay:display2|H[5]" to the output pin "HEX2[5]" to GND
    Warning (13031): Reduced fanout from the always-enabled open-drain buffer "hexdisplay:display2|H[4]" to the output pin "HEX2[4]" to GND
    Warning (13031): Reduced fanout from the always-enabled open-drain buffer "hexdisplay:display2|H[3]" to the output pin "HEX2[3]" to GND
    Warning (13031): Reduced fanout from the always-enabled open-drain buffer "hexdisplay:display2|H[2]" to the output pin "HEX2[2]" to GND
    Warning (13031): Reduced fanout from the always-enabled open-drain buffer "hexdisplay:display2|H[1]" to the output pin "HEX2[1]" to GND
    Warning (13031): Reduced fanout from the always-enabled open-drain buffer "hexdisplay:display2|H[0]" to the output pin "HEX2[0]" to GND
    Warning (13031): Reduced fanout from the always-enabled open-drain buffer "hexdisplay:display3|H[5]" to the output pin "HEX3[5]" to GND
    Warning (13031): Reduced fanout from the always-enabled open-drain buffer "hexdisplay:display3|H[4]" to the output pin "HEX3[4]" to GND
    Warning (13031): Reduced fanout from the always-enabled open-drain buffer "hexdisplay:display3|H[3]" to the output pin "HEX3[3]" to GND
    Warning (13031): Reduced fanout from the always-enabled open-drain buffer "hexdisplay:display3|H[2]" to the output pin "HEX3[2]" to GND
    Warning (13031): Reduced fanout from the always-enabled open-drain buffer "hexdisplay:display3|H[1]" to the output pin "HEX3[1]" to GND
    Warning (13031): Reduced fanout from the always-enabled open-drain buffer "hexdisplay:display3|H[0]" to the output pin "HEX3[0]" to GND
    Warning (13031): Reduced fanout from the always-enabled open-drain buffer "hexdisplay:display4|H[5]" to the output pin "HEX4[5]" to GND
    Warning (13031): Reduced fanout from the always-enabled open-drain buffer "hexdisplay:display4|H[4]" to the output pin "HEX4[4]" to GND
    Warning (13031): Reduced fanout from the always-enabled open-drain buffer "hexdisplay:display4|H[3]" to the output pin "HEX4[3]" to GND
    Warning (13031): Reduced fanout from the always-enabled open-drain buffer "hexdisplay:display4|H[2]" to the output pin "HEX4[2]" to GND
    Warning (13031): Reduced fanout from the always-enabled open-drain buffer "hexdisplay:display4|H[1]" to the output pin "HEX4[1]" to GND
    Warning (13031): Reduced fanout from the always-enabled open-drain buffer "hexdisplay:display4|H[0]" to the output pin "HEX4[0]" to GND
    Warning (13031): Reduced fanout from the always-enabled open-drain buffer "hexdisplay:display5|H[5]" to the output pin "HEX5[5]" to GND
    Warning (13031): Reduced fanout from the always-enabled open-drain buffer "hexdisplay:display5|H[4]" to the output pin "HEX5[4]" to GND
    Warning (13031): Reduced fanout from the always-enabled open-drain buffer "hexdisplay:display5|H[3]" to the output pin "HEX5[3]" to GND
    Warning (13031): Reduced fanout from the always-enabled open-drain buffer "hexdisplay:display5|H[2]" to the output pin "HEX5[2]" to GND
    Warning (13031): Reduced fanout from the always-enabled open-drain buffer "hexdisplay:display5|H[1]" to the output pin "HEX5[1]" to GND
    Warning (13031): Reduced fanout from the always-enabled open-drain buffer "hexdisplay:display5|H[0]" to the output pin "HEX5[0]" to GND
    Warning (13031): Reduced fanout from the always-enabled open-drain buffer "hexdisplay:display6|H[5]" to the output pin "HEX6[5]" to GND
    Warning (13031): Reduced fanout from the always-enabled open-drain buffer "hexdisplay:display6|H[4]" to the output pin "HEX6[4]" to GND
    Warning (13031): Reduced fanout from the always-enabled open-drain buffer "hexdisplay:display6|H[3]" to the output pin "HEX6[3]" to GND
    Warning (13031): Reduced fanout from the always-enabled open-drain buffer "hexdisplay:display6|H[2]" to the output pin "HEX6[2]" to GND
    Warning (13031): Reduced fanout from the always-enabled open-drain buffer "hexdisplay:display6|H[1]" to the output pin "HEX6[1]" to GND
    Warning (13031): Reduced fanout from the always-enabled open-drain buffer "hexdisplay:display6|H[0]" to the output pin "HEX6[0]" to GND
    Warning (13031): Reduced fanout from the always-enabled open-drain buffer "hexdisplay:display7|H[5]" to the output pin "HEX7[5]" to GND
    Warning (13031): Reduced fanout from the always-enabled open-drain buffer "hexdisplay:display7|H[4]" to the output pin "HEX7[4]" to GND
    Warning (13031): Reduced fanout from the always-enabled open-drain buffer "hexdisplay:display7|H[3]" to the output pin "HEX7[3]" to GND
    Warning (13031): Reduced fanout from the always-enabled open-drain buffer "hexdisplay:display7|H[2]" to the output pin "HEX7[2]" to GND
    Warning (13031): Reduced fanout from the always-enabled open-drain buffer "hexdisplay:display7|H[1]" to the output pin "HEX7[1]" to GND
    Warning (13031): Reduced fanout from the always-enabled open-drain buffer "hexdisplay:display7|H[0]" to the output pin "HEX7[0]" to GND
Warning (13024): Output pins are stuck at VCC or GND
    Warning (13410): Pin "LEDR[0]" is stuck at GND
    Warning (13410): Pin "LEDR[1]" is stuck at GND
    Warning (13410): Pin "LEDR[2]" is stuck at GND
    Warning (13410): Pin "LEDR[3]" is stuck at GND
    Warning (13410): Pin "LEDR[4]" is stuck at GND
    Warning (13410): Pin "LEDR[5]" is stuck at GND
    Warning (13410): Pin "LEDR[6]" is stuck at GND
    Warning (13410): Pin "LEDR[7]" is stuck at GND
    Warning (13410): Pin "LEDR[8]" is stuck at GND
    Warning (13410): Pin "LEDR[9]" is stuck at GND
    Warning (13410): Pin "LEDR[10]" is stuck at GND
    Warning (13410): Pin "LEDR[11]" is stuck at GND
    Warning (13410): Pin "LEDR[12]" is stuck at GND
    Warning (13410): Pin "LEDR[13]" is stuck at GND
    Warning (13410): Pin "LEDR[14]" is stuck at GND
    Warning (13410): Pin "LEDR[15]" is stuck at GND
    Warning (13410): Pin "LEDR[16]" is stuck at GND
    Warning (13410): Pin "LEDR[17]" is stuck at GND
    Warning (13410): Pin "LEDG[0]" is stuck at GND
    Warning (13410): Pin "LEDG[1]" is stuck at GND
    Warning (13410): Pin "LEDG[2]" is stuck at GND
    Warning (13410): Pin "LEDG[3]" is stuck at GND
    Warning (13410): Pin "LEDG[4]" is stuck at GND
    Warning (13410): Pin "LEDG[5]" is stuck at GND
    Warning (13410): Pin "LEDG[6]" is stuck at GND
    Warning (13410): Pin "LEDG[7]" is stuck at GND
    Warning (13410): Pin "LEDG[8]" is stuck at GND
    Warning (13410): Pin "HEX0[6]" is stuck at VCC
    Warning (13410): Pin "HEX0[5]" is stuck at GND
    Warning (13410): Pin "HEX0[4]" is stuck at GND
    Warning (13410): Pin "HEX0[3]" is stuck at GND
    Warning (13410): Pin "HEX0[2]" is stuck at GND
    Warning (13410): Pin "HEX0[1]" is stuck at GND
    Warning (13410): Pin "HEX0[0]" is stuck at GND
    Warning (13410): Pin "HEX1[6]" is stuck at VCC
    Warning (13410): Pin "HEX1[5]" is stuck at GND
    Warning (13410): Pin "HEX1[4]" is stuck at GND
    Warning (13410): Pin "HEX1[3]" is stuck at GND
    Warning (13410): Pin "HEX1[2]" is stuck at GND
    Warning (13410): Pin "HEX1[1]" is stuck at GND
    Warning (13410): Pin "HEX1[0]" is stuck at GND
    Warning (13410): Pin "HEX2[6]" is stuck at VCC
    Warning (13410): Pin "HEX2[5]" is stuck at GND
    Warning (13410): Pin "HEX2[4]" is stuck at GND
    Warning (13410): Pin "HEX2[3]" is stuck at GND
    Warning (13410): Pin "HEX2[2]" is stuck at GND
    Warning (13410): Pin "HEX2[1]" is stuck at GND
    Warning (13410): Pin "HEX2[0]" is stuck at GND
    Warning (13410): Pin "HEX3[6]" is stuck at VCC
    Warning (13410): Pin "HEX3[5]" is stuck at GND
    Warning (13410): Pin "HEX3[4]" is stuck at GND
    Warning (13410): Pin "HEX3[3]" is stuck at GND
    Warning (13410): Pin "HEX3[2]" is stuck at GND
    Warning (13410): Pin "HEX3[1]" is stuck at GND
    Warning (13410): Pin "HEX3[0]" is stuck at GND
    Warning (13410): Pin "HEX4[6]" is stuck at VCC
    Warning (13410): Pin "HEX4[5]" is stuck at GND
    Warning (13410): Pin "HEX4[4]" is stuck at GND
    Warning (13410): Pin "HEX4[3]" is stuck at GND
    Warning (13410): Pin "HEX4[2]" is stuck at GND
    Warning (13410): Pin "HEX4[1]" is stuck at GND
    Warning (13410): Pin "HEX4[0]" is stuck at GND
    Warning (13410): Pin "HEX5[6]" is stuck at VCC
    Warning (13410): Pin "HEX5[5]" is stuck at GND
    Warning (13410): Pin "HEX5[4]" is stuck at GND
    Warning (13410): Pin "HEX5[3]" is stuck at GND
    Warning (13410): Pin "HEX5[2]" is stuck at GND
    Warning (13410): Pin "HEX5[1]" is stuck at GND
    Warning (13410): Pin "HEX5[0]" is stuck at GND
    Warning (13410): Pin "HEX6[6]" is stuck at VCC
    Warning (13410): Pin "HEX6[5]" is stuck at GND
    Warning (13410): Pin "HEX6[4]" is stuck at GND
    Warning (13410): Pin "HEX6[3]" is stuck at GND
    Warning (13410): Pin "HEX6[2]" is stuck at GND
    Warning (13410): Pin "HEX6[1]" is stuck at GND
    Warning (13410): Pin "HEX6[0]" is stuck at GND
    Warning (13410): Pin "HEX7[6]" is stuck at VCC
    Warning (13410): Pin "HEX7[5]" is stuck at GND
    Warning (13410): Pin "HEX7[4]" is stuck at GND
    Warning (13410): Pin "HEX7[3]" is stuck at GND
    Warning (13410): Pin "HEX7[2]" is stuck at GND
    Warning (13410): Pin "HEX7[1]" is stuck at GND
    Warning (13410): Pin "HEX7[0]" is stuck at GND
    Warning (13410): Pin "SRAM_ADDR[5]" is stuck at GND
    Warning (13410): Pin "SRAM_ADDR[6]" is stuck at GND
    Warning (13410): Pin "SRAM_ADDR[7]" is stuck at GND
    Warning (13410): Pin "SRAM_ADDR[8]" is stuck at GND
    Warning (13410): Pin "SRAM_ADDR[9]" is stuck at GND
    Warning (13410): Pin "SRAM_ADDR[10]" is stuck at GND
    Warning (13410): Pin "SRAM_ADDR[11]" is stuck at GND
    Warning (13410): Pin "SRAM_ADDR[12]" is stuck at GND
    Warning (13410): Pin "SRAM_ADDR[13]" is stuck at GND
    Warning (13410): Pin "SRAM_ADDR[14]" is stuck at GND
    Warning (13410): Pin "SRAM_ADDR[15]" is stuck at GND
    Warning (13410): Pin "SRAM_ADDR[16]" is stuck at GND
    Warning (13410): Pin "SRAM_ADDR[17]" is stuck at GND
    Warning (13410): Pin "SRAM_ADDR[18]" is stuck at GND
    Warning (13410): Pin "SRAM_ADDR[19]" is stuck at GND
    Warning (13410): Pin "SRAM_UB_N" is stuck at VCC
Info (286030): Timing-Driven Synthesis is running
Info (16010): Generating hard_block partition "hard_block:auto_generated_inst"
    Info (16011): Adding 0 node(s), including 0 DDIO, 0 PLL, 0 transceiver and 0 LCELL
Warning (21074): Design contains 2 input pin(s) that do not drive logic
    Warning (15610): No output dependent on input pin "KEY[2]"
    Warning (15610): No output dependent on input pin "KEY[3]"
Info (21057): Implemented 373 device resources after synthesis - the final resource count might be different
    Info (21058): Implemented 23 input pins
    Info (21059): Implemented 108 output pins
    Info (21060): Implemented 16 bidirectional pins
    Info (21061): Implemented 226 logic cells
Info: Quartus II 32-bit Analysis & Synthesis was successful. 0 errors, 221 warnings
    Info: Peak virtual memory: 380 megabytes
    Info: Processing ended: Sun Nov 03 23:25:40 2013
    Info: Elapsed time: 00:00:04
    Info: Total CPU time (on all processors): 00:00:04


